{"C:\\Users\\User\\Desktop\\ToDo-App\\src\\models\\todo.js": {"path":"C:\\Users\\User\\Desktop\\ToDo-App\\src\\models\\todo.js","statementMap":{"0":{"start":{"line":3,"column":0},"end":{"line":5,"column":2}},"1":{"start":{"line":7,"column":11},"end":{"line":7,"column":30}},"2":{"start":{"line":8,"column":0},"end":{"line":8,"column":65}},"3":{"start":{"line":9,"column":0},"end":{"line":11,"column":2}},"4":{"start":{"line":10,"column":2},"end":{"line":10,"column":39}},"5":{"start":{"line":13,"column":15},"end":{"line":13,"column":30}},"6":{"start":{"line":15,"column":19},"end":{"line":32,"column":2}},"7":{"start":{"line":34,"column":0},"end":{"line":34,"column":32}},"8":{"start":{"line":36,"column":13},"end":{"line":36,"column":47}},"9":{"start":{"line":38,"column":24},"end":{"line":41,"column":1}},"10":{"start":{"line":39,"column":27},"end":{"line":39,"column":31}},"11":{"start":{"line":40,"column":2},"end":{"line":40,"column":29}},"12":{"start":{"line":42,"column":19},"end":{"line":42,"column":54}},"13":{"start":{"line":42,"column":28},"end":{"line":42,"column":54}},"14":{"start":{"line":44,"column":12},"end":{"line":46,"column":24}},"15":{"start":{"line":44,"column":20},"end":{"line":46,"column":24}},"16":{"start":{"line":48,"column":17},"end":{"line":49,"column":19}},"17":{"start":{"line":48,"column":33},"end":{"line":49,"column":19}},"18":{"start":{"line":51,"column":17},"end":{"line":51,"column":68}},"19":{"start":{"line":51,"column":25},"end":{"line":51,"column":68}},"20":{"start":{"line":53,"column":25},"end":{"line":54,"column":19}},"21":{"start":{"line":53,"column":31},"end":{"line":54,"column":19}},"22":{"start":{"line":56,"column":20},"end":{"line":60,"column":1}},"23":{"start":{"line":57,"column":17},"end":{"line":57,"column":33}},"24":{"start":{"line":58,"column":18},"end":{"line":58,"column":80}},"25":{"start":{"line":59,"column":2},"end":{"line":59,"column":40}},"26":{"start":{"line":61,"column":21},"end":{"line":65,"column":1}},"27":{"start":{"line":62,"column":17},"end":{"line":62,"column":33}},"28":{"start":{"line":63,"column":18},"end":{"line":63,"column":54}},"29":{"start":{"line":64,"column":2},"end":{"line":64,"column":40}},"30":{"start":{"line":66,"column":23},"end":{"line":66,"column":55}},"31":{"start":{"line":66,"column":29},"end":{"line":66,"column":55}}},"fnMap":{"0":{"name":"(anonymous_0)","decl":{"start":{"line":9,"column":16},"end":{"line":9,"column":17}},"loc":{"start":{"line":9,"column":22},"end":{"line":11,"column":1}},"line":9},"1":{"name":"(anonymous_1)","decl":{"start":{"line":38,"column":24},"end":{"line":38,"column":25}},"loc":{"start":{"line":38,"column":32},"end":{"line":41,"column":1}},"line":38},"2":{"name":"(anonymous_2)","decl":{"start":{"line":42,"column":19},"end":{"line":42,"column":20}},"loc":{"start":{"line":42,"column":28},"end":{"line":42,"column":54}},"line":42},"3":{"name":"(anonymous_3)","decl":{"start":{"line":44,"column":12},"end":{"line":44,"column":13}},"loc":{"start":{"line":44,"column":20},"end":{"line":46,"column":24}},"line":44},"4":{"name":"(anonymous_4)","decl":{"start":{"line":48,"column":17},"end":{"line":48,"column":18}},"loc":{"start":{"line":48,"column":33},"end":{"line":49,"column":19}},"line":48},"5":{"name":"(anonymous_5)","decl":{"start":{"line":51,"column":17},"end":{"line":51,"column":18}},"loc":{"start":{"line":51,"column":25},"end":{"line":51,"column":68}},"line":51},"6":{"name":"(anonymous_6)","decl":{"start":{"line":53,"column":25},"end":{"line":53,"column":26}},"loc":{"start":{"line":53,"column":31},"end":{"line":54,"column":19}},"line":53},"7":{"name":"(anonymous_7)","decl":{"start":{"line":56,"column":20},"end":{"line":56,"column":21}},"loc":{"start":{"line":56,"column":28},"end":{"line":60,"column":1}},"line":56},"8":{"name":"(anonymous_8)","decl":{"start":{"line":61,"column":21},"end":{"line":61,"column":22}},"loc":{"start":{"line":61,"column":31},"end":{"line":65,"column":1}},"line":61},"9":{"name":"(anonymous_9)","decl":{"start":{"line":66,"column":23},"end":{"line":66,"column":24}},"loc":{"start":{"line":66,"column":29},"end":{"line":66,"column":55}},"line":66}},"branchMap":{},"s":{"0":1,"1":1,"2":1,"3":1,"4":0,"5":1,"6":1,"7":1,"8":1,"9":1,"10":0,"11":0,"12":1,"13":0,"14":1,"15":0,"16":1,"17":0,"18":1,"19":0,"20":1,"21":0,"22":1,"23":0,"24":0,"25":0,"26":1,"27":0,"28":0,"29":0,"30":1,"31":0},"f":{"0":0,"1":0,"2":0,"3":0,"4":0,"5":0,"6":0,"7":0,"8":0,"9":0},"b":{},"_coverageSchema":"1a1c01bbd47fc00a2c39e90264f33305004495a9","hash":"512f61d3a39dcc2060541048663275c2b104c1ca"}
,"C:\\Users\\User\\Desktop\\ToDo-App\\src\\services\\todo.js": {"path":"C:\\Users\\User\\Desktop\\ToDo-App\\src\\services\\todo.js","statementMap":{"0":{"start":{"line":4,"column":17},"end":{"line":11,"column":1}},"1":{"start":{"line":5,"column":33},"end":{"line":5,"column":37}},"2":{"start":{"line":6,"column":2},"end":{"line":8,"column":3}},"3":{"start":{"line":7,"column":4},"end":{"line":7,"column":68}},"4":{"start":{"line":10,"column":2},"end":{"line":10,"column":30}},"5":{"start":{"line":13,"column":25},"end":{"line":13,"column":45}},"6":{"start":{"line":13,"column":35},"end":{"line":13,"column":45}},"7":{"start":{"line":15,"column":28},"end":{"line":20,"column":1}},"8":{"start":{"line":16,"column":2},"end":{"line":18,"column":3}},"9":{"start":{"line":17,"column":4},"end":{"line":17,"column":32}},"10":{"start":{"line":19,"column":2},"end":{"line":19,"column":64}},"11":{"start":{"line":22,"column":15},"end":{"line":22,"column":47}},"12":{"start":{"line":22,"column":23},"end":{"line":22,"column":47}},"13":{"start":{"line":24,"column":15},"end":{"line":24,"column":55}},"14":{"start":{"line":24,"column":23},"end":{"line":24,"column":55}},"15":{"start":{"line":25,"column":16},"end":{"line":25,"column":42}},"16":{"start":{"line":25,"column":24},"end":{"line":25,"column":42}},"17":{"start":{"line":26,"column":12},"end":{"line":29,"column":1}},"18":{"start":{"line":27,"column":33},"end":{"line":27,"column":36}},"19":{"start":{"line":28,"column":2},"end":{"line":28,"column":55}},"20":{"start":{"line":31,"column":16},"end":{"line":31,"column":38}},"21":{"start":{"line":31,"column":24},"end":{"line":31,"column":38}},"22":{"start":{"line":32,"column":20},"end":{"line":32,"column":36}},"23":{"start":{"line":34,"column":12},"end":{"line":34,"column":36}},"24":{"start":{"line":34,"column":18},"end":{"line":34,"column":36}}},"fnMap":{"0":{"name":"(anonymous_0)","decl":{"start":{"line":4,"column":17},"end":{"line":4,"column":18}},"loc":{"start":{"line":4,"column":25},"end":{"line":11,"column":1}},"line":4},"1":{"name":"(anonymous_1)","decl":{"start":{"line":13,"column":25},"end":{"line":13,"column":26}},"loc":{"start":{"line":13,"column":35},"end":{"line":13,"column":45}},"line":13},"2":{"name":"(anonymous_2)","decl":{"start":{"line":15,"column":28},"end":{"line":15,"column":29}},"loc":{"start":{"line":15,"column":44},"end":{"line":20,"column":1}},"line":15},"3":{"name":"(anonymous_3)","decl":{"start":{"line":22,"column":15},"end":{"line":22,"column":16}},"loc":{"start":{"line":22,"column":23},"end":{"line":22,"column":47}},"line":22},"4":{"name":"(anonymous_4)","decl":{"start":{"line":24,"column":15},"end":{"line":24,"column":16}},"loc":{"start":{"line":24,"column":23},"end":{"line":24,"column":55}},"line":24},"5":{"name":"(anonymous_5)","decl":{"start":{"line":25,"column":16},"end":{"line":25,"column":17}},"loc":{"start":{"line":25,"column":24},"end":{"line":25,"column":42}},"line":25},"6":{"name":"(anonymous_6)","decl":{"start":{"line":26,"column":12},"end":{"line":26,"column":13}},"loc":{"start":{"line":26,"column":21},"end":{"line":29,"column":1}},"line":26},"7":{"name":"(anonymous_7)","decl":{"start":{"line":31,"column":16},"end":{"line":31,"column":17}},"loc":{"start":{"line":31,"column":24},"end":{"line":31,"column":38}},"line":31},"8":{"name":"(anonymous_8)","decl":{"start":{"line":34,"column":12},"end":{"line":34,"column":13}},"loc":{"start":{"line":34,"column":18},"end":{"line":34,"column":36}},"line":34}},"branchMap":{"0":{"loc":{"start":{"line":6,"column":2},"end":{"line":8,"column":3}},"type":"if","locations":[{"start":{"line":6,"column":2},"end":{"line":8,"column":3}},{"start":{},"end":{}}],"line":6},"1":{"loc":{"start":{"line":16,"column":2},"end":{"line":18,"column":3}},"type":"if","locations":[{"start":{"line":16,"column":2},"end":{"line":18,"column":3}},{"start":{},"end":{}}],"line":16},"2":{"loc":{"start":{"line":27,"column":10},"end":{"line":27,"column":18}},"type":"default-arg","locations":[{"start":{"line":27,"column":17},"end":{"line":27,"column":18}}],"line":27},"3":{"loc":{"start":{"line":27,"column":20},"end":{"line":27,"column":28}},"type":"default-arg","locations":[{"start":{"line":27,"column":27},"end":{"line":27,"column":28}}],"line":27}},"s":{"0":1,"1":0,"2":0,"3":0,"4":0,"5":1,"6":3,"7":1,"8":0,"9":0,"10":0,"11":1,"12":0,"13":1,"14":0,"15":1,"16":0,"17":1,"18":0,"19":0,"20":1,"21":0,"22":1,"23":1,"24":0},"f":{"0":0,"1":3,"2":0,"3":0,"4":0,"5":0,"6":0,"7":0,"8":0},"b":{"0":[0,0],"1":[0,0],"2":[0],"3":[0]},"_coverageSchema":"1a1c01bbd47fc00a2c39e90264f33305004495a9","hash":"e477f42078c308f52215726cafc0ebebbfed5e01"}
}
