{"C:\\Users\\User\\Desktop\\ToDo-App\\src\\models\\todo.js": {"path":"C:\\Users\\User\\Desktop\\ToDo-App\\src\\models\\todo.js","statementMap":{"0":{"start":{"line":10,"column":15},"end":{"line":10,"column":30}},"1":{"start":{"line":12,"column":19},"end":{"line":33,"column":2}},"2":{"start":{"line":35,"column":0},"end":{"line":35,"column":42}},"3":{"start":{"line":37,"column":13},"end":{"line":37,"column":47}},"4":{"start":{"line":39,"column":24},"end":{"line":42,"column":1}},"5":{"start":{"line":40,"column":27},"end":{"line":40,"column":31}},"6":{"start":{"line":41,"column":2},"end":{"line":41,"column":29}},"7":{"start":{"line":43,"column":19},"end":{"line":43,"column":54}},"8":{"start":{"line":43,"column":28},"end":{"line":43,"column":54}},"9":{"start":{"line":45,"column":12},"end":{"line":47,"column":24}},"10":{"start":{"line":45,"column":21},"end":{"line":47,"column":24}},"11":{"start":{"line":45,"column":29},"end":{"line":47,"column":24}},"12":{"start":{"line":49,"column":17},"end":{"line":55,"column":21}},"13":{"start":{"line":49,"column":26},"end":{"line":55,"column":21}},"14":{"start":{"line":50,"column":2},"end":{"line":55,"column":21}},"15":{"start":{"line":57,"column":25},"end":{"line":63,"column":21}},"16":{"start":{"line":57,"column":34},"end":{"line":63,"column":21}},"17":{"start":{"line":58,"column":2},"end":{"line":63,"column":21}},"18":{"start":{"line":65,"column":17},"end":{"line":65,"column":71}},"19":{"start":{"line":65,"column":32},"end":{"line":65,"column":71}},"20":{"start":{"line":67,"column":20},"end":{"line":71,"column":1}},"21":{"start":{"line":67,"column":29},"end":{"line":71,"column":1}},"22":{"start":{"line":68,"column":17},"end":{"line":68,"column":40}},"23":{"start":{"line":69,"column":18},"end":{"line":69,"column":80}},"24":{"start":{"line":70,"column":2},"end":{"line":70,"column":40}},"25":{"start":{"line":72,"column":21},"end":{"line":78,"column":1}},"26":{"start":{"line":73,"column":15},"end":{"line":73,"column":40}},"27":{"start":{"line":74,"column":2},"end":{"line":74,"column":27}},"28":{"start":{"line":75,"column":17},"end":{"line":75,"column":35}},"29":{"start":{"line":76,"column":18},"end":{"line":76,"column":54}},"30":{"start":{"line":77,"column":2},"end":{"line":77,"column":40}},"31":{"start":{"line":79,"column":23},"end":{"line":79,"column":55}},"32":{"start":{"line":79,"column":29},"end":{"line":79,"column":55}}},"fnMap":{"0":{"name":"(anonymous_0)","decl":{"start":{"line":39,"column":24},"end":{"line":39,"column":25}},"loc":{"start":{"line":39,"column":32},"end":{"line":42,"column":1}},"line":39},"1":{"name":"(anonymous_1)","decl":{"start":{"line":43,"column":19},"end":{"line":43,"column":20}},"loc":{"start":{"line":43,"column":28},"end":{"line":43,"column":54}},"line":43},"2":{"name":"(anonymous_2)","decl":{"start":{"line":45,"column":12},"end":{"line":45,"column":13}},"loc":{"start":{"line":45,"column":21},"end":{"line":47,"column":24}},"line":45},"3":{"name":"(anonymous_3)","decl":{"start":{"line":45,"column":21},"end":{"line":45,"column":22}},"loc":{"start":{"line":45,"column":29},"end":{"line":47,"column":24}},"line":45},"4":{"name":"(anonymous_4)","decl":{"start":{"line":49,"column":17},"end":{"line":49,"column":18}},"loc":{"start":{"line":49,"column":26},"end":{"line":55,"column":21}},"line":49},"5":{"name":"(anonymous_5)","decl":{"start":{"line":49,"column":26},"end":{"line":49,"column":27}},"loc":{"start":{"line":50,"column":2},"end":{"line":55,"column":21}},"line":50},"6":{"name":"(anonymous_6)","decl":{"start":{"line":57,"column":25},"end":{"line":57,"column":26}},"loc":{"start":{"line":57,"column":34},"end":{"line":63,"column":21}},"line":57},"7":{"name":"(anonymous_7)","decl":{"start":{"line":57,"column":34},"end":{"line":57,"column":35}},"loc":{"start":{"line":58,"column":2},"end":{"line":63,"column":21}},"line":58},"8":{"name":"(anonymous_8)","decl":{"start":{"line":65,"column":17},"end":{"line":65,"column":18}},"loc":{"start":{"line":65,"column":32},"end":{"line":65,"column":71}},"line":65},"9":{"name":"(anonymous_9)","decl":{"start":{"line":67,"column":20},"end":{"line":67,"column":21}},"loc":{"start":{"line":67,"column":29},"end":{"line":71,"column":1}},"line":67},"10":{"name":"(anonymous_10)","decl":{"start":{"line":67,"column":29},"end":{"line":67,"column":30}},"loc":{"start":{"line":67,"column":37},"end":{"line":71,"column":1}},"line":67},"11":{"name":"(anonymous_11)","decl":{"start":{"line":72,"column":21},"end":{"line":72,"column":22}},"loc":{"start":{"line":72,"column":42},"end":{"line":78,"column":1}},"line":72},"12":{"name":"(anonymous_12)","decl":{"start":{"line":79,"column":23},"end":{"line":79,"column":24}},"loc":{"start":{"line":79,"column":29},"end":{"line":79,"column":55}},"line":79}},"branchMap":{},"s":{"0":1,"1":1,"2":1,"3":1,"4":1,"5":0,"6":0,"7":1,"8":0,"9":1,"10":0,"11":0,"12":1,"13":1,"14":0,"15":1,"16":0,"17":0,"18":1,"19":0,"20":1,"21":0,"22":0,"23":0,"24":0,"25":1,"26":0,"27":0,"28":0,"29":0,"30":0,"31":1,"32":0},"f":{"0":0,"1":0,"2":0,"3":0,"4":1,"5":0,"6":0,"7":0,"8":0,"9":0,"10":0,"11":0,"12":0},"b":{},"_coverageSchema":"1a1c01bbd47fc00a2c39e90264f33305004495a9","hash":"2373f541ed96a030926995ff3723b2b019ce4ef2"}
}
