TN:
SF:src\controllers\todo.js
FN:3,(anonymous_0)
FN:6,(anonymous_1)
FN:7,(anonymous_2)
FN:10,(anonymous_3)
FN:13,(anonymous_4)
FN:14,(anonymous_5)
FN:17,(anonymous_6)
FN:20,(anonymous_7)
FN:21,(anonymous_8)
FN:24,(anonymous_9)
FN:27,(anonymous_10)
FN:28,(anonymous_11)
FN:31,(anonymous_12)
FN:33,(anonymous_13)
FN:34,(anonymous_14)
FN:37,(anonymous_15)
FN:39,(anonymous_16)
FN:40,(anonymous_17)
FN:43,(anonymous_18)
FN:47,(anonymous_19)
FNF:20
FNH:20
FNDA:2,(anonymous_0)
FNDA:1,(anonymous_1)
FNDA:1,(anonymous_2)
FNDA:2,(anonymous_3)
FNDA:1,(anonymous_4)
FNDA:1,(anonymous_5)
FNDA:2,(anonymous_6)
FNDA:1,(anonymous_7)
FNDA:1,(anonymous_8)
FNDA:2,(anonymous_9)
FNDA:1,(anonymous_10)
FNDA:1,(anonymous_11)
FNDA:2,(anonymous_12)
FNDA:1,(anonymous_13)
FNDA:1,(anonymous_14)
FNDA:2,(anonymous_15)
FNDA:1,(anonymous_16)
FNDA:1,(anonymous_17)
FNDA:2,(anonymous_18)
FNDA:1,(anonymous_19)
DA:3,1
DA:4,2
DA:5,2
DA:6,1
DA:7,1
DA:10,1
DA:11,2
DA:12,2
DA:13,1
DA:14,1
DA:17,1
DA:18,2
DA:19,2
DA:20,1
DA:21,1
DA:24,1
DA:25,2
DA:26,2
DA:27,1
DA:28,1
DA:31,1
DA:32,2
DA:33,1
DA:34,1
DA:37,1
DA:38,2
DA:39,1
DA:40,1
DA:43,1
DA:44,2
DA:45,2
DA:47,1
LF:32
LH:32
BRF:0
BRH:0
end_of_record
TN:
SF:src\services\todo.js
FN:4,(anonymous_0)
FN:6,(anonymous_1)
FN:15,(anonymous_2)
FN:22,(anonymous_3)
FN:24,(anonymous_4)
FN:25,(anonymous_5)
FN:26,(anonymous_6)
FN:32,(anonymous_7)
FN:33,(anonymous_8)
FN:40,(anonymous_9)
FNF:10
FNH:10
FNDA:16,(anonymous_0)
FNDA:5,(anonymous_1)
FNDA:7,(anonymous_2)
FNDA:1,(anonymous_3)
FNDA:1,(anonymous_4)
FNDA:1,(anonymous_5)
FNDA:2,(anonymous_6)
FNDA:1,(anonymous_7)
FNDA:2,(anonymous_8)
FNDA:1,(anonymous_9)
DA:4,16
DA:6,1
DA:7,5
DA:8,5
DA:9,1
DA:12,4
DA:15,1
DA:16,7
DA:17,5
DA:19,2
DA:22,1
DA:24,1
DA:25,1
DA:26,1
DA:27,2
DA:28,2
DA:29,2
DA:32,1
DA:33,1
DA:34,2
DA:35,2
DA:37,2
DA:40,1
LF:23
LH:23
BRDA:8,0,0,1
BRDA:8,0,1,4
BRDA:16,1,0,5
BRDA:16,1,1,2
BRDA:26,2,0,0
BRDA:26,3,0,0
BRDA:33,4,0,0
BRDA:33,5,0,0
BRF:8
BRH:4
end_of_record
